<?xml version="1.0" encoding="UTF-8"?>
<!-- Generated by org.testng.reporters.JUnitXMLReporter -->
<testsuite ignored="0" hostname="uptemto-ktds" failures="1" tests="1" name="Galaxy Z Flip3 5G+ktshow" time="164.397" errors="0" timestamp="2022-07-06T10:02:41 KST">
  <testcase classname="com.test.testcase.KtshowLoginTest" name="loginTest" time="158.378">
    <failure type="org.openqa.selenium.NoSuchElementException" message="An element could not be located on the page using the given search parameters.
For documentation on this error, please visit: https://www.seleniumhq.org/exceptions/no_such_element.html
Build info: version: &amp;apos;3.141.59&amp;apos;, revision: &amp;apos;e82be7d358&amp;apos;, time: &amp;apos;2018-11-14T08:17:03&amp;apos;
System info: host: &amp;apos;uptemto-ktds&amp;apos;, ip: &amp;apos;127.0.1.1&amp;apos;, os.name: &amp;apos;Linux&amp;apos;, os.arch: &amp;apos;amd64&amp;apos;, os.version: &amp;apos;5.13.0-52-generic&amp;apos;, java.version: &amp;apos;11.0.15&amp;apos;
Driver info: io.appium.java_client.android.AndroidDriver
Capabilities {appActivity: com.ktshow.cs.activity.Main..., appPackage: com.ktshow.cs, autoGrantPermissions: true, databaseEnabled: false, desired: {appActivity: com.ktshow.cs.activity.Main..., appPackage: com.ktshow.cs, autoGrantPermissions: true, deviceName: Galaxy Z Flip3 5G, newCommandTimeout: 20000, noReset: false, platformName: android, server:CONFIG_UUID: b34b48b6-d08f-4fcc-b163-3e4..., systemPort: 8203, udid: R3CN50281W}, deviceApiLevel: 30, deviceManufacturer: samsung, deviceModel: SM-F707N, deviceName: R3CN50281W, deviceScreenDensity: 480, deviceScreenSize: 1080x2636, deviceUDID: R3CN50281W, javascriptEnabled: true, locationContextEnabled: false, networkConnectionEnabled: true, newCommandTimeout: 20000, noReset: false, pixelRatio: 3, platform: LINUX, platformName: Android, platformVersion: 11, server:CONFIG_UUID: b34b48b6-d08f-4fcc-b163-3e4..., statBarHeight: 92, systemPort: 8203, takesScreenshot: true, udid: R3CN50281W, viewportRect: {height: 2309, left: 0, top: 92, width: 1080}, warnings: {}, webStorageEnabled: false}
Session ID: f13c5051-0cc6-443e-80ed-8c2be42d04c0
*** Element info: {Using=id, value=com.ktshow.cs:id/tv_confirm}">
      <![CDATA[org.openqa.selenium.NoSuchElementException: An element could not be located on the page using the given search parameters.
For documentation on this error, please visit: https://www.seleniumhq.org/exceptions/no_such_element.html
Build info: version: '3.141.59', revision: 'e82be7d358', time: '2018-11-14T08:17:03'
System info: host: 'uptemto-ktds', ip: '127.0.1.1', os.name: 'Linux', os.arch: 'amd64', os.version: '5.13.0-52-generic', java.version: '11.0.15'
Driver info: io.appium.java_client.android.AndroidDriver
Capabilities {appActivity: com.ktshow.cs.activity.Main..., appPackage: com.ktshow.cs, autoGrantPermissions: true, databaseEnabled: false, desired: {appActivity: com.ktshow.cs.activity.Main..., appPackage: com.ktshow.cs, autoGrantPermissions: true, deviceName: Galaxy Z Flip3 5G, newCommandTimeout: 20000, noReset: false, platformName: android, server:CONFIG_UUID: b34b48b6-d08f-4fcc-b163-3e4..., systemPort: 8203, udid: R3CN50281W}, deviceApiLevel: 30, deviceManufacturer: samsung, deviceModel: SM-F707N, deviceName: R3CN50281W, deviceScreenDensity: 480, deviceScreenSize: 1080x2636, deviceUDID: R3CN50281W, javascriptEnabled: true, locationContextEnabled: false, networkConnectionEnabled: true, newCommandTimeout: 20000, noReset: false, pixelRatio: 3, platform: LINUX, platformName: Android, platformVersion: 11, server:CONFIG_UUID: b34b48b6-d08f-4fcc-b163-3e4..., statBarHeight: 92, systemPort: 8203, takesScreenshot: true, udid: R3CN50281W, viewportRect: {height: 2309, left: 0, top: 92, width: 1080}, warnings: {}, webStorageEnabled: false}
Session ID: f13c5051-0cc6-443e-80ed-8c2be42d04c0
*** Element info: {Using=id, value=com.ktshow.cs:id/tv_confirm}
at org.openqa.selenium.remote.http.W3CHttpResponseCodec.createException(W3CHttpResponseCodec.java:187)
at org.openqa.selenium.remote.http.W3CHttpResponseCodec.decode(W3CHttpResponseCodec.java:122)
at org.openqa.selenium.remote.http.W3CHttpResponseCodec.decode(W3CHttpResponseCodec.java:49)
at org.openqa.selenium.remote.HttpCommandExecutor.execute(HttpCommandExecutor.java:158)
at io.appium.java_client.remote.AppiumCommandExecutor.execute(AppiumCommandExecutor.java:239)
at org.openqa.selenium.remote.RemoteWebDriver.execute(RemoteWebDriver.java:552)
at io.appium.java_client.DefaultGenericMobileDriver.execute(DefaultGenericMobileDriver.java:41)
at io.appium.java_client.AppiumDriver.execute(AppiumDriver.java:1)
at io.appium.java_client.android.AndroidDriver.execute(AndroidDriver.java:1)
at org.openqa.selenium.remote.RemoteWebDriver.findElement(RemoteWebDriver.java:323)
at io.appium.java_client.DefaultGenericMobileDriver.findElement(DefaultGenericMobileDriver.java:61)
at io.appium.java_client.AppiumDriver.findElement(AppiumDriver.java:1)
at io.appium.java_client.android.AndroidDriver.findElement(AndroidDriver.java:1)
at org.openqa.selenium.remote.RemoteWebDriver.findElementById(RemoteWebDriver.java:372)
at io.appium.java_client.DefaultGenericMobileDriver.findElementById(DefaultGenericMobileDriver.java:69)
at io.appium.java_client.AppiumDriver.findElementById(AppiumDriver.java:1)
at io.appium.java_client.android.AndroidDriver.findElementById(AndroidDriver.java:1)
at org.openqa.selenium.By$ById.findElement(By.java:188)
at org.openqa.selenium.remote.RemoteWebDriver.findElement(RemoteWebDriver.java:315)
at io.appium.java_client.DefaultGenericMobileDriver.findElement(DefaultGenericMobileDriver.java:57)
at io.appium.java_client.AppiumDriver.findElement(AppiumDriver.java:1)
at io.appium.java_client.android.AndroidDriver.findElement(AndroidDriver.java:1)
at com.test.testcase.KtshowLoginTest.loginTest(KtshowLoginTest.java:74)
at java.base/java.util.ArrayList.forEach(ArrayList.java:1541)
at java.base/java.util.concurrent.FutureTask.run(FutureTask.java:264)
at java.base/java.util.concurrent.ThreadPoolExecutor.runWorker(ThreadPoolExecutor.java:1128)
at java.base/java.util.concurrent.ThreadPoolExecutor$Worker.run(ThreadPoolExecutor.java:628)
at java.base/java.lang.Thread.run(Thread.java:829)
... Removed 22 stack frames]]>
    </failure>
  </testcase> <!-- loginTest -->
</testsuite> <!-- Galaxy Z Flip3 5G+ktshow -->
