<?xml version="1.0" encoding="UTF-8"?>
<!-- Generated by org.testng.reporters.JUnitXMLReporter -->
<testsuite ignored="0" hostname="uptemto-ktds" failures="1" tests="1" name="Galaxy S21 Ultra+gigageniehome" time="118.689" errors="0" timestamp="2022-07-06T10:53:42 KST">
  <testcase classname="com.test.testcase.GigagenieHome" name="loginTest" time="109.973">
    <failure type="org.openqa.selenium.NoSuchElementException" message="An element could not be located on the page using the given search parameters.
For documentation on this error, please visit: https://www.seleniumhq.org/exceptions/no_such_element.html
Build info: version: &amp;apos;3.141.59&amp;apos;, revision: &amp;apos;e82be7d358&amp;apos;, time: &amp;apos;2018-11-14T08:17:03&amp;apos;
System info: host: &amp;apos;uptemto-ktds&amp;apos;, ip: &amp;apos;127.0.1.1&amp;apos;, os.name: &amp;apos;Linux&amp;apos;, os.arch: &amp;apos;amd64&amp;apos;, os.version: &amp;apos;5.13.0-52-generic&amp;apos;, java.version: &amp;apos;11.0.15&amp;apos;
Driver info: io.appium.java_client.android.AndroidDriver
Capabilities {appActivity: com.kt.gigageniehome.MainAc..., appPackage: com.kt.gigageniehome, autoGrantPermissions: true, databaseEnabled: false, desired: {appActivity: com.kt.gigageniehome.MainAc..., appPackage: com.kt.gigageniehome, autoGrantPermissions: true, deviceName: Galaxy S21 Ultra, newCommandTimeout: 20000, noReset: false, platformName: android, server:CONFIG_UUID: 2584fd1d-696b-4cd6-80a0-d1b..., systemPort: 8205, udid: R3CN910J24T}, deviceApiLevel: 31, deviceManufacturer: samsung, deviceModel: SM-G998N, deviceName: R3CN910J24T, deviceScreenDensity: 450, deviceScreenSize: 1080x2400, deviceUDID: R3CN910J24T, javascriptEnabled: true, locationContextEnabled: false, networkConnectionEnabled: true, newCommandTimeout: 20000, noReset: false, pixelRatio: 2.8125, platform: LINUX, platformName: Android, platformVersion: 12, server:CONFIG_UUID: 2584fd1d-696b-4cd6-80a0-d1b..., statBarHeight: 74, systemPort: 8205, takesScreenshot: true, udid: R3CN910J24T, viewportRect: {height: 2116, left: 0, top: 74, width: 1080}, warnings: {}, webStorageEnabled: false}
Session ID: de1721a1-8dcb-4eb0-bb7b-bf291aa39100
*** Element info: {Using=xpath, value=/hierarchy/android.widget.FrameLayout/android.widget.LinearLayout/android.widget.FrameLayout/android.widget.LinearLayout/android.widget.FrameLayout/android.widget.FrameLayout/android.view.ViewGroup/android.view.ViewGroup/android.view.ViewGroup/android.view.ViewGroup/android.view.ViewGroup/android.view.ViewGroup/android.view.ViewGroup/android.view.ViewGroup/android.view.ViewGroup/android.widget.ScrollView/android.view.ViewGroup/android.view.ViewGroup/android.view.ViewGroup[3]}">
      <![CDATA[org.openqa.selenium.NoSuchElementException: An element could not be located on the page using the given search parameters.
For documentation on this error, please visit: https://www.seleniumhq.org/exceptions/no_such_element.html
Build info: version: '3.141.59', revision: 'e82be7d358', time: '2018-11-14T08:17:03'
System info: host: 'uptemto-ktds', ip: '127.0.1.1', os.name: 'Linux', os.arch: 'amd64', os.version: '5.13.0-52-generic', java.version: '11.0.15'
Driver info: io.appium.java_client.android.AndroidDriver
Capabilities {appActivity: com.kt.gigageniehome.MainAc..., appPackage: com.kt.gigageniehome, autoGrantPermissions: true, databaseEnabled: false, desired: {appActivity: com.kt.gigageniehome.MainAc..., appPackage: com.kt.gigageniehome, autoGrantPermissions: true, deviceName: Galaxy S21 Ultra, newCommandTimeout: 20000, noReset: false, platformName: android, server:CONFIG_UUID: 2584fd1d-696b-4cd6-80a0-d1b..., systemPort: 8205, udid: R3CN910J24T}, deviceApiLevel: 31, deviceManufacturer: samsung, deviceModel: SM-G998N, deviceName: R3CN910J24T, deviceScreenDensity: 450, deviceScreenSize: 1080x2400, deviceUDID: R3CN910J24T, javascriptEnabled: true, locationContextEnabled: false, networkConnectionEnabled: true, newCommandTimeout: 20000, noReset: false, pixelRatio: 2.8125, platform: LINUX, platformName: Android, platformVersion: 12, server:CONFIG_UUID: 2584fd1d-696b-4cd6-80a0-d1b..., statBarHeight: 74, systemPort: 8205, takesScreenshot: true, udid: R3CN910J24T, viewportRect: {height: 2116, left: 0, top: 74, width: 1080}, warnings: {}, webStorageEnabled: false}
Session ID: de1721a1-8dcb-4eb0-bb7b-bf291aa39100
*** Element info: {Using=xpath, value=/hierarchy/android.widget.FrameLayout/android.widget.LinearLayout/android.widget.FrameLayout/android.widget.LinearLayout/android.widget.FrameLayout/android.widget.FrameLayout/android.view.ViewGroup/android.view.ViewGroup/android.view.ViewGroup/android.view.ViewGroup/android.view.ViewGroup/android.view.ViewGroup/android.view.ViewGroup/android.view.ViewGroup/android.view.ViewGroup/android.widget.ScrollView/android.view.ViewGroup/android.view.ViewGroup/android.view.ViewGroup[3]}
at org.openqa.selenium.remote.http.W3CHttpResponseCodec.createException(W3CHttpResponseCodec.java:187)
at org.openqa.selenium.remote.http.W3CHttpResponseCodec.decode(W3CHttpResponseCodec.java:122)
at org.openqa.selenium.remote.http.W3CHttpResponseCodec.decode(W3CHttpResponseCodec.java:49)
at org.openqa.selenium.remote.HttpCommandExecutor.execute(HttpCommandExecutor.java:158)
at io.appium.java_client.remote.AppiumCommandExecutor.execute(AppiumCommandExecutor.java:239)
at org.openqa.selenium.remote.RemoteWebDriver.execute(RemoteWebDriver.java:552)
at io.appium.java_client.DefaultGenericMobileDriver.execute(DefaultGenericMobileDriver.java:41)
at io.appium.java_client.AppiumDriver.execute(AppiumDriver.java:1)
at io.appium.java_client.android.AndroidDriver.execute(AndroidDriver.java:1)
at org.openqa.selenium.remote.RemoteWebDriver.findElement(RemoteWebDriver.java:323)
at io.appium.java_client.DefaultGenericMobileDriver.findElement(DefaultGenericMobileDriver.java:61)
at io.appium.java_client.AppiumDriver.findElement(AppiumDriver.java:1)
at io.appium.java_client.android.AndroidDriver.findElement(AndroidDriver.java:1)
at org.openqa.selenium.remote.RemoteWebDriver.findElementByXPath(RemoteWebDriver.java:428)
at io.appium.java_client.DefaultGenericMobileDriver.findElementByXPath(DefaultGenericMobileDriver.java:151)
at io.appium.java_client.AppiumDriver.findElementByXPath(AppiumDriver.java:1)
at io.appium.java_client.android.AndroidDriver.findElementByXPath(AndroidDriver.java:1)
at org.openqa.selenium.By$ByXPath.findElement(By.java:353)
at org.openqa.selenium.remote.RemoteWebDriver.findElement(RemoteWebDriver.java:315)
at io.appium.java_client.DefaultGenericMobileDriver.findElement(DefaultGenericMobileDriver.java:57)
at io.appium.java_client.AppiumDriver.findElement(AppiumDriver.java:1)
at io.appium.java_client.android.AndroidDriver.findElement(AndroidDriver.java:1)
at com.test.testcase.GigagenieHome.loginTest(GigagenieHome.java:28)
at java.base/java.util.ArrayList.forEach(ArrayList.java:1541)
at java.base/java.util.concurrent.FutureTask.run(FutureTask.java:264)
at java.base/java.util.concurrent.ThreadPoolExecutor.runWorker(ThreadPoolExecutor.java:1128)
at java.base/java.util.concurrent.ThreadPoolExecutor$Worker.run(ThreadPoolExecutor.java:628)
at java.base/java.lang.Thread.run(Thread.java:829)
... Removed 22 stack frames]]>
    </failure>
  </testcase> <!-- loginTest -->
</testsuite> <!-- Galaxy S21 Ultra+gigageniehome -->
