<?xml version="1.0" encoding="UTF-8"?>
<!-- Generated by org.testng.reporters.JUnitXMLReporter -->
<testsuite ignored="0" hostname="uptemto-ktds" failures="1" tests="1" name="Note8 + gigagenie" time="61.134" errors="0" timestamp="2022-05-02T16:45:49 KST">
  <testcase classname="com.test.testcase.GigagenieLoginTest" name="loginTest" time="23.712">
    <failure type="org.openqa.selenium.WebDriverException" message="An unknown server-side error occurred while processing the command. Original error: Timed out after 15595ms waiting for the root AccessibilityNodeInfo in the active window. Make sure the active window is not constantly hogging the main UI thread (e.g. the application is being idle long enough), so the accessibility manager could do its work
Build info: version: &amp;apos;3.141.59&amp;apos;, revision: &amp;apos;e82be7d358&amp;apos;, time: &amp;apos;2018-11-14T08:17:03&amp;apos;
System info: host: &amp;apos;uptemto-ktds&amp;apos;, ip: &amp;apos;127.0.1.1&amp;apos;, os.name: &amp;apos;Linux&amp;apos;, os.arch: &amp;apos;amd64&amp;apos;, os.version: &amp;apos;5.13.0-40-generic&amp;apos;, java.version: &amp;apos;11.0.15&amp;apos;
Driver info: io.appium.java_client.android.AndroidDriver
Capabilities {appActivity: com.kt.gigagenie.mobile.ui...., appPackage: com.kt.gigagenie.mobile, autoGrantPermissions: true, databaseEnabled: false, desired: {appActivity: com.kt.gigagenie.mobile.ui...., appPackage: com.kt.gigagenie.mobile, autoGrantPermissions: true, deviceName: Note8, newCommandTimeout: 20000, noReset: false, platformName: android, server:CONFIG_UUID: 40e04cbe-11fc-42fa-b708-e66..., systemPort: 8201, udid: ce0617163b172e19027e}, deviceApiLevel: 28, deviceManufacturer: samsung, deviceModel: SM-N950N, deviceName: ce0617163b172e19027e, deviceScreenDensity: 420, deviceScreenSize: 1080x2220, deviceUDID: ce0617163b172e19027e, javascriptEnabled: true, locationContextEnabled: false, networkConnectionEnabled: true, newCommandTimeout: 20000, noReset: false, pixelRatio: 2.625, platform: LINUX, platformName: Android, platformVersion: 9, server:CONFIG_UUID: 40e04cbe-11fc-42fa-b708-e66..., statBarHeight: 63, systemPort: 8201, takesScreenshot: true, udid: ce0617163b172e19027e, viewportRect: {height: 2031, left: 0, top: 63, width: 1080}, warnings: {}, webStorageEnabled: false}
Session ID: cc0ce42e-292d-4657-b20c-f4d2132de697
*** Element info: {Using=id, value=com.kt.gigagenie.mobile:id/btnKtIdLogin}">
      <![CDATA[org.openqa.selenium.WebDriverException: An unknown server-side error occurred while processing the command. Original error: Timed out after 15595ms waiting for the root AccessibilityNodeInfo in the active window. Make sure the active window is not constantly hogging the main UI thread (e.g. the application is being idle long enough), so the accessibility manager could do its work
Build info: version: '3.141.59', revision: 'e82be7d358', time: '2018-11-14T08:17:03'
System info: host: 'uptemto-ktds', ip: '127.0.1.1', os.name: 'Linux', os.arch: 'amd64', os.version: '5.13.0-40-generic', java.version: '11.0.15'
Driver info: io.appium.java_client.android.AndroidDriver
Capabilities {appActivity: com.kt.gigagenie.mobile.ui...., appPackage: com.kt.gigagenie.mobile, autoGrantPermissions: true, databaseEnabled: false, desired: {appActivity: com.kt.gigagenie.mobile.ui...., appPackage: com.kt.gigagenie.mobile, autoGrantPermissions: true, deviceName: Note8, newCommandTimeout: 20000, noReset: false, platformName: android, server:CONFIG_UUID: 40e04cbe-11fc-42fa-b708-e66..., systemPort: 8201, udid: ce0617163b172e19027e}, deviceApiLevel: 28, deviceManufacturer: samsung, deviceModel: SM-N950N, deviceName: ce0617163b172e19027e, deviceScreenDensity: 420, deviceScreenSize: 1080x2220, deviceUDID: ce0617163b172e19027e, javascriptEnabled: true, locationContextEnabled: false, networkConnectionEnabled: true, newCommandTimeout: 20000, noReset: false, pixelRatio: 2.625, platform: LINUX, platformName: Android, platformVersion: 9, server:CONFIG_UUID: 40e04cbe-11fc-42fa-b708-e66..., statBarHeight: 63, systemPort: 8201, takesScreenshot: true, udid: ce0617163b172e19027e, viewportRect: {height: 2031, left: 0, top: 63, width: 1080}, warnings: {}, webStorageEnabled: false}
Session ID: cc0ce42e-292d-4657-b20c-f4d2132de697
*** Element info: {Using=id, value=com.kt.gigagenie.mobile:id/btnKtIdLogin}
at org.openqa.selenium.remote.http.W3CHttpResponseCodec.createException(W3CHttpResponseCodec.java:187)
at org.openqa.selenium.remote.http.W3CHttpResponseCodec.decode(W3CHttpResponseCodec.java:122)
at org.openqa.selenium.remote.http.W3CHttpResponseCodec.decode(W3CHttpResponseCodec.java:49)
at org.openqa.selenium.remote.HttpCommandExecutor.execute(HttpCommandExecutor.java:158)
at io.appium.java_client.remote.AppiumCommandExecutor.execute(AppiumCommandExecutor.java:239)
at org.openqa.selenium.remote.RemoteWebDriver.execute(RemoteWebDriver.java:552)
at io.appium.java_client.DefaultGenericMobileDriver.execute(DefaultGenericMobileDriver.java:41)
at io.appium.java_client.AppiumDriver.execute(AppiumDriver.java:1)
at io.appium.java_client.android.AndroidDriver.execute(AndroidDriver.java:1)
at org.openqa.selenium.remote.RemoteWebDriver.findElement(RemoteWebDriver.java:323)
at io.appium.java_client.DefaultGenericMobileDriver.findElement(DefaultGenericMobileDriver.java:61)
at io.appium.java_client.AppiumDriver.findElement(AppiumDriver.java:1)
at io.appium.java_client.android.AndroidDriver.findElement(AndroidDriver.java:1)
at org.openqa.selenium.remote.RemoteWebDriver.findElementById(RemoteWebDriver.java:372)
at io.appium.java_client.DefaultGenericMobileDriver.findElementById(DefaultGenericMobileDriver.java:69)
at io.appium.java_client.AppiumDriver.findElementById(AppiumDriver.java:1)
at io.appium.java_client.android.AndroidDriver.findElementById(AndroidDriver.java:1)
at org.openqa.selenium.By$ById.findElement(By.java:188)
at org.openqa.selenium.remote.RemoteWebDriver.findElement(RemoteWebDriver.java:315)
at io.appium.java_client.DefaultGenericMobileDriver.findElement(DefaultGenericMobileDriver.java:57)
at io.appium.java_client.AppiumDriver.findElement(AppiumDriver.java:1)
at io.appium.java_client.android.AndroidDriver.findElement(AndroidDriver.java:1)
at com.test.testcase.GigagenieLoginTest.loginTest(GigagenieLoginTest.java:30)
at java.base/java.util.ArrayList.forEach(ArrayList.java:1541)
at java.base/java.util.concurrent.FutureTask.run(FutureTask.java:264)
at java.base/java.util.concurrent.ThreadPoolExecutor.runWorker(ThreadPoolExecutor.java:1128)
at java.base/java.util.concurrent.ThreadPoolExecutor$Worker.run(ThreadPoolExecutor.java:628)
at java.base/java.lang.Thread.run(Thread.java:829)
... Removed 22 stack frames]]>
    </failure>
  </testcase> <!-- loginTest -->
</testsuite> <!-- Note8 + gigagenie -->
